#
# A fatal error has been detected by the Java Runtime Environment:
#
#  EXCEPTION_ACCESS_VIOLATION (0xc0000005) at pc=0x0f18901a, pid=11872, tid=1900
#
# JRE version: 6.0_18-b07
# Java VM: Java HotSpot(TM) Client VM (16.0-b13 mixed mode, sharing windows-x86 )
# Problematic frame:
# C  [GOOGLEPINYIN2.IME+0x9901a]
#
# If you would like to submit a bug report, please visit:
#   http://java.sun.com/webapps/bugreport/crash.jsp
# The crash happened outside the Java Virtual Machine in native code.
# See problematic frame for where to report the bug.
#

---------------  T H R E A D  ---------------

Current thread (0x03ea9400):  JavaThread "AWT-Windows" daemon [_thread_in_native, id=1900, stack(0x04120000,0x04170000)]

siginfo: ExceptionCode=0xc0000005, reading address 0x00000004

Registers:
EAX=0x0b79f060, EBX=0x00000002, ECX=0x00000002, EDX=0x00000000
ESP=0x0416f648, EBP=0x0416f68c, ESI=0x0b79f060, EDI=0x0b79abe0
EIP=0x0f18901a, EFLAGS=0x00010246

Top of Stack: (sp=0x0416f648)
0x0416f648:   00000002 00000001 0b79f060 00000002
0x0416f658:   0f1865a3 00010fa2 0b79f060 00000111
0x0416f668:   00000002 00010fa2 0f186ba2 0b79f060
0x0416f678:   0416f68c 0f186b50 00000111 0416f6b8
0x0416f688:   00000000 00000000 76635b83 00010fa2
0x0416f698:   00000111 00000002 00010fa2 00000111
0x0416f6a8:   dcbaabcd 00000000 0f186b50 00000111
0x0416f6b8:   0416f750 76619d1a 0f186b50 00010fa2 

Instructions: (pc=0x0f18901a)
0x0f18900a:   cc cc cc cc cc cc 51 56 57 8b 78 04 8b 57 50 51
0x0f18901a:   8b 4a 04 e8 ce 9d ff ff 85 c0 74 32 8b 70 1c 85 


Stack: [0x04120000,0x04170000],  sp=0x0416f648,  free space=13d0416f144k
Native frames: (J=compiled Java code, j=interpreted, Vv=VM code, C=native code)
C  [GOOGLEPINYIN2.IME+0x9901a]

Java frames: (J=compiled Java code, j=interpreted, Vv=VM code)
j  sun.awt.windows.WToolkit.eventLoop()V+0
j  sun.awt.windows.WToolkit.run()V+77
j  java.lang.Thread.run()V+11
v  ~StubRoutines::call_stub

---------------  P R O C E S S  ---------------

Java Threads: ( => current thread )
  0x0197dc00 JavaThread "Thread-2" daemon [_thread_in_native, id=7552, stack(0x0e9f0000,0x0ea40000)]
  0x01978400 JavaThread "Thread-1" [_thread_in_native, id=792, stack(0x0e900000,0x0e950000)]
  0x018d9400 JavaThread "DestroyJavaVM" [_thread_blocked, id=2252, stack(0x004b0000,0x00500000)]
  0x03ef4800 JavaThread "Timer-0" [_thread_blocked, id=6780, stack(0x07b80000,0x07bd0000)]
  0x03ef2400 JavaThread "AWT-EventQueue-0" [_thread_blocked, id=11488, stack(0x07ae0000,0x07b30000)]
=>0x03ea9400 JavaThread "AWT-Windows" daemon [_thread_in_native, id=1900, stack(0x04120000,0x04170000)]
  0x03ea9000 JavaThread "AWT-Shutdown" [_thread_blocked, id=880, stack(0x040c0000,0x04110000)]
  0x03e98c00 JavaThread "Java2D Disposer" daemon [_thread_blocked, id=3736, stack(0x04070000,0x040c0000)]
  0x01958c00 JavaThread "Low Memory Detector" daemon [_thread_blocked, id=12020, stack(0x03c50000,0x03ca0000)]
  0x0194d400 JavaThread "CompilerThread0" daemon [_thread_blocked, id=10780, stack(0x03c00000,0x03c50000)]
  0x0194bc00 JavaThread "Attach Listener" daemon [_thread_blocked, id=8428, stack(0x03bb0000,0x03c00000)]
  0x0194ac00 JavaThread "Signal Dispatcher" daemon [_thread_blocked, id=2356, stack(0x03b60000,0x03bb0000)]
  0x01901400 JavaThread "Finalizer" daemon [_thread_blocked, id=9984, stack(0x03b10000,0x03b60000)]
  0x018ffc00 JavaThread "Reference Handler" daemon [_thread_blocked, id=9696, stack(0x03ac0000,0x03b10000)]

Other Threads:
  0x018fe800 VMThread [stack: 0x03a70000,0x03ac0000] [id=10620]
  0x01967000 WatcherThread [stack: 0x03ca0000,0x03cf0000] [id=8260]

VM state:not at safepoint (normal execution)

VM Mutex/Monitor currently owned by a thread: None

Heap
 def new generation   total 4928K, used 993K [0x23ab0000, 0x24000000, 0x29000000)
  eden space 4416K,  18% used [0x23ab0000, 0x23b771a0, 0x23f00000)
  from space 512K,  38% used [0x23f80000, 0x23fb15c0, 0x24000000)
  to   space 512K,   0% used [0x23f00000, 0x23f00000, 0x23f80000)
 tenured generation   total 10944K, used 5234K [0x29000000, 0x29ab0000, 0x33ab0000)
   the space 10944K,  47% used [0x29000000, 0x2951cb40, 0x2951cc00, 0x29ab0000)
 compacting perm gen  total 12288K, used 976K [0x33ab0000, 0x346b0000, 0x37ab0000)
   the space 12288K,   7% used [0x33ab0000, 0x33ba41c8, 0x33ba4200, 0x346b0000)
    ro space 10240K,  54% used [0x37ab0000, 0x38028290, 0x38028400, 0x384b0000)
    rw space 12288K,  55% used [0x384b0000, 0x38b4d1c0, 0x38b4d200, 0x390b0000)

Dynamic libraries:
0x00400000 - 0x00424000 	C:\Program Files\Java\jdk1.6.0_18\bin\javaw.exe
0x77250000 - 0x773cb000 	C:\WINDOWS\SYSTEM32\ntdll.dll
0x74c60000 - 0x74cf6000 	C:\WINDOWS\system32\KERNEL32.DLL
0x74170000 - 0x742ee000 	C:\WINDOWS\system32\KERNELBASE.dll
0x764e0000 - 0x7655b000 	C:\WINDOWS\system32\ADVAPI32.dll
0x74ab0000 - 0x74b6e000 	C:\WINDOWS\system32\msvcrt.dll
0x77200000 - 0x77244000 	C:\WINDOWS\system32\sechost.dll
0x74e50000 - 0x74f12000 	C:\WINDOWS\system32\RPCRT4.dll
0x76600000 - 0x76738000 	C:\WINDOWS\system32\USER32.dll
0x76380000 - 0x764d5000 	C:\WINDOWS\system32\GDI32.dll
0x76740000 - 0x7676f000 	C:\WINDOWS\system32\IMM32.DLL
0x7c340000 - 0x7c396000 	C:\Program Files\Java\jdk1.6.0_18\jre\bin\msvcr71.dll
0x6d8b0000 - 0x6db47000 	C:\Program Files\Java\jdk1.6.0_18\jre\bin\client\jvm.dll
0x74860000 - 0x74884000 	C:\WINDOWS\system32\WINMM.dll
0x73de0000 - 0x73e03000 	C:\WINDOWS\system32\WINMMBASE.dll
0x73ec0000 - 0x73ef7000 	C:\WINDOWS\system32\cfgmgr32.dll
0x72830000 - 0x728c2000 	C:\WINDOWS\system32\apphelp.dll
0x6d860000 - 0x6d86c000 	C:\Program Files\Java\jdk1.6.0_18\jre\bin\verify.dll
0x6d3e0000 - 0x6d3ff000 	C:\Program Files\Java\jdk1.6.0_18\jre\bin\java.dll
0x6d340000 - 0x6d348000 	C:\Program Files\Java\jdk1.6.0_18\jre\bin\hpi.dll
0x748b0000 - 0x748b6000 	C:\WINDOWS\system32\PSAPI.DLL
0x6d8a0000 - 0x6d8af000 	C:\Program Files\Java\jdk1.6.0_18\jre\bin\zip.dll
0x6d0b0000 - 0x6d1fa000 	C:\Program Files\Java\jdk1.6.0_18\jre\bin\awt.dll
0x76800000 - 0x768eb000 	C:\WINDOWS\system32\ole32.dll
0x76fe0000 - 0x7719d000 	C:\WINDOWS\system32\combase.dll
0x6f900000 - 0x6f967000 	C:\WINDOWS\SYSTEM32\WINSPOOL.DRV
0x73e10000 - 0x73e68000 	C:\WINDOWS\system32\bcryptPrimitives.dll
0x73a50000 - 0x73a6d000 	C:\WINDOWS\SYSTEM32\bcrypt.dll
0x6f990000 - 0x6fb9f000 	C:\WINDOWS\WinSxS\x86_microsoft.windows.common-controls_6595b64144ccf1df_6.0.10586.0_none_d3c2e4e965da4528\COMCTL32.dll
0x78850000 - 0x78ab4000 	C:\WINDOWS\AppPatch\AcGenral.DLL
0x748c0000 - 0x74905000 	C:\WINDOWS\system32\SHLWAPI.dll
0x76560000 - 0x765f2000 	C:\WINDOWS\system32\OLEAUT32.dll
0x74f20000 - 0x7631e000 	C:\WINDOWS\system32\SHELL32.dll
0x73b30000 - 0x73b54000 	C:\WINDOWS\SYSTEM32\SspiCli.dll
0x74360000 - 0x7485a000 	C:\WINDOWS\system32\windows.storage.dll
0x73dd0000 - 0x73ddc000 	C:\WINDOWS\system32\kernel.appcore.dll
0x76770000 - 0x767fd000 	C:\WINDOWS\system32\shcore.dll
0x73f00000 - 0x73f44000 	C:\WINDOWS\system32\powrprof.dll
0x73db0000 - 0x73dbf000 	C:\WINDOWS\system32\profapi.dll
0x72910000 - 0x72989000 	C:\WINDOWS\SYSTEM32\UxTheme.dll
0x03d40000 - 0x03d55000 	C:\WINDOWS\SYSTEM32\samcli.dll
0x55e40000 - 0x55e58000 	C:\WINDOWS\SYSTEM32\MSACM32.dll
0x713d0000 - 0x713d8000 	C:\WINDOWS\SYSTEM32\VERSION.dll
0x736d0000 - 0x736e9000 	C:\WINDOWS\SYSTEM32\USERENV.dll
0x71f50000 - 0x71f6d000 	C:\WINDOWS\SYSTEM32\dwmapi.dll
0x6b720000 - 0x6b89d000 	C:\WINDOWS\SYSTEM32\urlmon.dll
0x67f40000 - 0x67f56000 	C:\WINDOWS\SYSTEM32\MPR.dll
0x6e6a0000 - 0x6e96b000 	C:\WINDOWS\SYSTEM32\iertutil.dll
0x738a0000 - 0x738b3000 	C:\WINDOWS\SYSTEM32\CRYPTSP.dll
0x73550000 - 0x7357f000 	C:\WINDOWS\system32\rsaenh.dll
0x73990000 - 0x7399a000 	C:\WINDOWS\SYSTEM32\CRYPTBASE.dll
0x6d6c0000 - 0x6d6d3000 	C:\Program Files\Java\jdk1.6.0_18\jre\bin\net.dll
0x76320000 - 0x7637f000 	C:\WINDOWS\system32\WS2_32.dll
0x73810000 - 0x73860000 	C:\WINDOWS\system32\mswsock.dll
0x724e0000 - 0x724f4000 	C:\WINDOWS\system32\NLAapi.dll
0x68370000 - 0x68382000 	C:\WINDOWS\system32\napinsp.dll
0x680d0000 - 0x680e6000 	C:\WINDOWS\system32\pnrpnsp.dll
0x72a60000 - 0x72ae4000 	C:\WINDOWS\SYSTEM32\DNSAPI.dll
0x768f0000 - 0x768f7000 	C:\WINDOWS\system32\NSI.dll
0x680a0000 - 0x680ab000 	C:\WINDOWS\System32\winrnr.dll
0x69de0000 - 0x69e01000 	C:\Program Files\Bonjour\mdnsNSP.dll
0x6e5f0000 - 0x6e61f000 	C:\WINDOWS\SYSTEM32\Iphlpapi.DLL
0x72e20000 - 0x72f38000 	C:\Windows\system32\ierd_tgp_lsp.dll
0x72e10000 - 0x72e18000 	C:\WINDOWS\system32\wshqos.dll
0x72e00000 - 0x72e07000 	C:\WINDOWS\SYSTEM32\wshtcpip.DLL
0x72df0000 - 0x72df7000 	C:\WINDOWS\SYSTEM32\wship6.dll
0x04060000 - 0x04068000 	C:\Windows\System32\rasadhlp.dll
0x6dca0000 - 0x6dce7000 	C:\WINDOWS\System32\fwpuclnt.dll
0x6d2e0000 - 0x6d334000 	C:\Program Files\Java\jdk1.6.0_18\jre\bin\fontmanager.dll
0x76900000 - 0x76a1f000 	C:\WINDOWS\system32\MSCTF.dll
0x0f0f0000 - 0x0f44a000 	C:\WINDOWS\system32\GOOGLEPINYIN2.IME
0x73f50000 - 0x740c8000 	C:\WINDOWS\system32\CRYPT32.dll
0x73dc0000 - 0x73dce000 	C:\WINDOWS\system32\MSASN1.dll
0x76e30000 - 0x76e46000 	C:\WINDOWS\system32\USP10.dll
0x73e70000 - 0x73eb2000 	C:\WINDOWS\system32\WINTRUST.dll
0x6f980000 - 0x6f986000 	C:\WINDOWS\system32\MSIMG32.dll
0x6a740000 - 0x6a87f000 	C:\WINDOWS\system32\dbghelp.dll
0x69f50000 - 0x6a178000 	C:\WINDOWS\system32\WININET.dll
0x6f750000 - 0x6f8bb000 	C:\WINDOWS\WinSxS\x86_microsoft.windows.gdiplus_6595b64144ccf1df_1.1.10586.20_none_22adb5eaa762c7fa\gdiplus.dll
0x78440000 - 0x786b8000 	C:\WINDOWS\AppPatch\AcLayers.DLL
0x76a20000 - 0x76e2b000 	C:\WINDOWS\system32\SETUPAPI.dll
0x66680000 - 0x66683000 	C:\WINDOWS\SYSTEM32\sfc.dll
0x68740000 - 0x6874f000 	C:\WINDOWS\SYSTEM32\sfc_os.DLL
0x6a890000 - 0x6a8b1000 	C:\WINDOWS\system32\dbgcore.DLL
0x0f7b0000 - 0x0f97b000 	C:\WINDOWS\SYSTEM32\d3d9.dll
0x713f0000 - 0x714d6000 	C:\WINDOWS\SYSTEM32\aticfx32.dll
0x60490000 - 0x6049b000 	C:\WINDOWS\SYSTEM32\atiu9pag.dll
0x0fb20000 - 0x1011b000 	C:\WINDOWS\SYSTEM32\atiumdag.dll
0x04a30000 - 0x04ec2000 	C:\WINDOWS\SYSTEM32\atiumdva.dll
0x57d80000 - 0x57e13000 	C:\Users\Administrator\AppData\Roaming\TaobaoProtect\TaobaoProtectSE.dll
0x6d6e0000 - 0x6d6e9000 	C:\Program Files\Java\jdk1.6.0_18\jre\bin\nio.dll
0x734c0000 - 0x734e8000 	C:\WINDOWS\SYSTEM32\ntmarta.dll
0x74a20000 - 0x74aa4000 	C:\WINDOWS\system32\clbcatq.dll
0x5ae30000 - 0x5afbe000 	C:\WINDOWS\System32\msxml3.dll
0x71900000 - 0x71a73000 	C:\WINDOWS\SYSTEM32\WindowsCodecs.dll
0x0ccd0000 - 0x0cec1000 	C:\WINDOWS\SYSTEM32\DWrite.dll

VM Arguments:
jvm_args: -Dfile.encoding=GBK 
java_command: com.tarena.shoot.ShootGame
Launcher Type: SUN_STANDARD

Environment Variables:
JAVA_HOME=C:\Program Files\Java\jdk1.8.0_31
PATH=C:/Users/Administrator/AppData/Local/Genuitec/Common/binary/com.sun.java.jdk.win32.x86_1.6.0.013/jre/bin/client;C:/Users/Administrator/AppData/Local/Genuitec/Common/binary/com.sun.java.jdk.win32.x86_1.6.0.013/jre/bin;C:\oraclexe\app\oracle\product\11.2.0\server\bin;;C:\Program Files\AMD APP\bin\x86;C:\WINDOWS\system32;C:\WINDOWS;C:\WINDOWS\System32\Wbem;C:\WINDOWS\System32\WindowsPowerShell\v1.0\;C:\Program Files\ATI Technologies\ATI.ACE\Core-Static;C:\Program Files\Microsoft SQL Server\110\Tools\Binn\;C:\Program Files\Microsoft SQL Server\120\Tools\Binn\
USERNAME=Administrator
OS=Windows_NT
PROCESSOR_IDENTIFIER=x86 Family 6 Model 37 Stepping 5, GenuineIntel



---------------  S Y S T E M  ---------------

OS: Windows NT 6.2 Build 9200 

CPU:total 4 (8 cores per cpu, 2 threads per core) family 6 model 37 stepping 5, cmov, cx8, fxsr, mmx, sse, sse2, sse3, ssse3, sse4.1, sse4.2, popcnt, ht

Memory: 4k page, physical 2019888k(192728k free), swap 6083120k(1059672k free)

vm_info: Java HotSpot(TM) Client VM (16.0-b13) for windows-x86 JRE (1.6.0_18-b07), built on Dec 17 2009 13:35:55 by "java_re" with MS VC++ 7.1 (VS2003)

time: Tue Mar 08 21:45:07 2016
elapsed time: 109 seconds

